<?xml version="1.0" encoding="UTF-8"?>
<!-- Generated by org.testng.reporters.JUnitXMLReporter -->
<testsuite hostname="Jyoti-Gupta" ignored="0" name="Default test" tests="5" failures="0" timestamp="08 Jun 2017 09:56:17 GMT" time="46.052" errors="0">
  <testcase name="newBrowserWindow" time="15.481" classname="com.metacube.demoApp.NewPracticeSite"/>
  <testcase name="testTextArea" time="5.302" classname="com.metacube.demoApp.NewPracticeSite"/>
  <testcase name="testTextBox" time="2.373" classname="com.metacube.demoApp.NewPracticeSite"/>
  <testcase name="checkCheckbox" time="5.163" classname="com.metacube.demoApp.NewPracticeSite"/>
  <testcase name="checkRadioButton" time="5.314" classname="com.metacube.demoApp.NewPracticeSite"/>
</testsuite> <!-- Default test -->
